<?xml version="1.0" encoding="UTF-8"?>
<testng-results skipped="1" failed="0" total="1" passed="0">
  <reporter-output>
  </reporter-output>
  <suite name="Default suite" duration-ms="67" started-at="2013-12-02T17:21:45Z" finished-at="2013-12-02T17:21:45Z">
    <groups>
    </groups>
    <test name="Default test" duration-ms="67" started-at="2013-12-02T17:21:45Z" finished-at="2013-12-02T17:21:45Z">
      <class name="TestLinkSeleniumIntegration.Selenium_Methods">
        <test-method status="FAIL" signature="startBrowser(java.lang.String, java.lang.String, java.lang.String, java.lang.String)[pri:0, instance:TestLinkSeleniumIntegration.Selenium_Methods@411fa9dd]" name="startBrowser" is-config="true" duration-ms="0" started-at="2013-12-02T22:51:45Z" finished-at="2013-12-02T22:51:45Z">
          <exception class="org.testng.TestNGException">
            <message>
              <![CDATA[
Parameter 'selenium.host' is required by @Configuration on method startBrowser but has not been marked @Optional or defined
in C:\Users\Sony\AppData\Local\Temp\testng-eclipse-90104434\testng-customsuite.xml]]>
            </message>
            <full-stacktrace>
              <![CDATA[org.testng.TestNGException: 
Parameter 'selenium.host' is required by @Configuration on method startBrowser but has not been marked @Optional or defined
in C:\Users\Sony\AppData\Local\Temp\testng-eclipse-90104434\testng-customsuite.xml
	at org.testng.internal.Parameters.createParameters(Parameters.java:155)
	at org.testng.internal.Parameters.createParameters(Parameters.java:358)
	at org.testng.internal.Parameters.createConfigurationParameters(Parameters.java:86)
	at org.testng.internal.Invoker.invokeConfigurations(Invoker.java:199)
	at org.testng.internal.Invoker.invokeMethod(Invoker.java:653)
	at org.testng.internal.Invoker.invokeTestMethod(Invoker.java:901)
	at org.testng.internal.Invoker.invokeTestMethods(Invoker.java:1231)
	at org.testng.internal.TestMethodWorker.invokeTestMethods(TestMethodWorker.java:127)
	at org.testng.internal.TestMethodWorker.run(TestMethodWorker.java:111)
	at org.testng.TestRunner.privateRun(TestRunner.java:767)
	at org.testng.TestRunner.run(TestRunner.java:617)
	at org.testng.SuiteRunner.runTest(SuiteRunner.java:335)
	at org.testng.SuiteRunner.runSequentially(SuiteRunner.java:330)
	at org.testng.SuiteRunner.privateRun(SuiteRunner.java:291)
	at org.testng.SuiteRunner.run(SuiteRunner.java:240)
	at org.testng.SuiteRunnerWorker.runSuite(SuiteRunnerWorker.java:52)
	at org.testng.SuiteRunnerWorker.run(SuiteRunnerWorker.java:86)
	at org.testng.TestNG.runSuitesSequentially(TestNG.java:1224)
	at org.testng.TestNG.runSuitesLocally(TestNG.java:1149)
	at org.testng.TestNG.run(TestNG.java:1057)
	at org.testng.remote.RemoteTestNG.run(RemoteTestNG.java:111)
	at org.testng.remote.RemoteTestNG.initAndRun(RemoteTestNG.java:204)
	at org.testng.remote.RemoteTestNG.main(RemoteTestNG.java:175)
]]>
            </full-stacktrace>
          </exception> <!-- org.testng.TestNGException -->
          <reporter-output>
          </reporter-output>
        </test-method> <!-- startBrowser -->
        <test-method status="SKIP" signature="limitedSearch()[pri:0, instance:TestLinkSeleniumIntegration.Selenium_Methods@411fa9dd]" name="limitedSearch" duration-ms="7" started-at="2013-12-02T22:51:45Z" finished-at="2013-12-02T22:51:45Z">
          <reporter-output>
          </reporter-output>
        </test-method> <!-- limitedSearch -->
        <test-method status="FAIL" signature="stopSelenium()[pri:0, instance:TestLinkSeleniumIntegration.Selenium_Methods@411fa9dd]" name="stopSelenium" is-config="true" duration-ms="0" started-at="2013-12-02T22:51:45Z" finished-at="2013-12-02T22:51:45Z">
          <exception class="java.lang.NullPointerException">
            <full-stacktrace>
              <![CDATA[java.lang.NullPointerException
	at TestLinkSeleniumIntegration.Selenium_Methods.stopSelenium(Selenium_Methods.java:61)
	at sun.reflect.NativeMethodAccessorImpl.invoke0(Native Method)
	at sun.reflect.NativeMethodAccessorImpl.invoke(Unknown Source)
	at sun.reflect.DelegatingMethodAccessorImpl.invoke(Unknown Source)
	at java.lang.reflect.Method.invoke(Unknown Source)
	at org.testng.internal.MethodInvocationHelper.invokeMethod(MethodInvocationHelper.java:84)
	at org.testng.internal.Invoker.invokeConfigurationMethod(Invoker.java:564)
	at org.testng.internal.Invoker.invokeConfigurations(Invoker.java:213)
	at org.testng.internal.Invoker.invokeMethod(Invoker.java:786)
	at org.testng.internal.Invoker.invokeTestMethod(Invoker.java:901)
	at org.testng.internal.Invoker.invokeTestMethods(Invoker.java:1231)
	at org.testng.internal.TestMethodWorker.invokeTestMethods(TestMethodWorker.java:127)
	at org.testng.internal.TestMethodWorker.run(TestMethodWorker.java:111)
	at org.testng.TestRunner.privateRun(TestRunner.java:767)
	at org.testng.TestRunner.run(TestRunner.java:617)
	at org.testng.SuiteRunner.runTest(SuiteRunner.java:335)
	at org.testng.SuiteRunner.runSequentially(SuiteRunner.java:330)
	at org.testng.SuiteRunner.privateRun(SuiteRunner.java:291)
	at org.testng.SuiteRunner.run(SuiteRunner.java:240)
	at org.testng.SuiteRunnerWorker.runSuite(SuiteRunnerWorker.java:52)
	at org.testng.SuiteRunnerWorker.run(SuiteRunnerWorker.java:86)
	at org.testng.TestNG.runSuitesSequentially(TestNG.java:1224)
	at org.testng.TestNG.runSuitesLocally(TestNG.java:1149)
	at org.testng.TestNG.run(TestNG.java:1057)
	at org.testng.remote.RemoteTestNG.run(RemoteTestNG.java:111)
	at org.testng.remote.RemoteTestNG.initAndRun(RemoteTestNG.java:204)
	at org.testng.remote.RemoteTestNG.main(RemoteTestNG.java:175)
]]>
            </full-stacktrace>
          </exception> <!-- java.lang.NullPointerException -->
          <reporter-output>
          </reporter-output>
        </test-method> <!-- stopSelenium -->
      </class> <!-- TestLinkSeleniumIntegration.Selenium_Methods -->
    </test> <!-- Default test -->
  </suite> <!-- Default suite -->
</testng-results>
